<?xml version="1.0" encoding="UTF-8"?>
<!-- Generated by org.testng.reporters.JUnitReportReporter -->
<testsuite hostname="LTIN219936" failures="0" tests="5" name="cucumberTestRunner.TestRunner" time="74.324" errors="0" timestamp="2024-05-09T16:26:55 IST" skipped="0">
  <testcase classname="cucumberTestRunner.TestRunner" name="runScenario" time="38.871"/>
  <testcase classname="cucumberTestRunner.TestRunner" name="runScenario" time="12.091"/>
  <testcase classname="cucumberTestRunner.TestRunner" name="runScenario" time="5.377"/>
  <testcase classname="cucumberTestRunner.TestRunner" name="runScenario" time="2.155"/>
  <testcase classname="cucumberTestRunner.TestRunner" name="runScenario" time="15.830"/>
</testsuite> <!-- cucumberTestRunner.TestRunner -->
